<?xml version="1.0" encoding="UTF-8"?>
<!-- Generated by org.testng.reporters.JUnitXMLReporter -->
<testsuite hostname="pl1inpun0428pc" ignored="0" name="Default test" tests="5" failures="0" timestamp="18 Dec 2018 15:33:49 GMT" time="6.32" errors="0">
  <testcase name="shouldReturnArticleAfterCreation" time="0.547" classname="com.upday.editor.controller.EditorControllerTest"/>
  <testcase name="shouldReturnDetailsByArticleId" time="0.015" classname="com.upday.editor.controller.EditorControllerTest"/>
  <testcase name="shouldReturnAllArticles" time="0.031" classname="com.upday.editor.controller.EditorControllerTest"/>
  <testcase name="shouldUpdateArticleByArticleId" time="0.031" classname="com.upday.editor.controller.EditorControllerTest"/>
  <testcase name="shouldDeleteArticleByArticleId" time="0.031" classname="com.upday.editor.controller.EditorControllerTest"/>
</testsuite> <!-- Default test -->
